RXSDK/RXSDK-Android/channel/rxsdk_bilibili/build/intermediates/manifest_merge_blame_file/debug/manifest-merger-blame-debug-report.txt
1<?xml version="1.0" encoding="utf-8"?>
2<manifest xmlns:android="http://schemas.android.com/apk/res/android"
3    package="com.ruixue.bilibili" >
4
5    <uses-sdk android:minSdkVersion="21" />
5-->src/main/AndroidManifest.xml
6
7    <application>
7-->src/main/AndroidManifest.xml:6:5-11:19
8
9        <!-- 适配Android P，否则系统缺少相关类会崩溃 -->
10        <uses-library
10-->src/main/AndroidManifest.xml:8:9-10:40
11            android:name="org.apache.http.legacy"
11-->src/main/AndroidManifest.xml:9:13-50
12            android:required="false" />
12-->src/main/AndroidManifest.xml:10:13-37
13    </application>
14
15</manifest>